{"/Users/ducnghia/Documents/be-typeorm/ormconfig.ts": {"path":"/Users/ducnghia/Documents/be-typeorm/ormconfig.ts","statementMap":{"0":{"start":{"line":2,"column":0},"end":{"line":2,"column":26}},"1":{"start":{"line":4,"column":13},"end":{"line":27,"column":null}}},"fnMap":{},"branchMap":{},"s":{"0":2,"1":2},"f":{},"b":{}}
,"/Users/ducnghia/Documents/be-typeorm/src/controller/LoanController.ts": {"path":"/Users/ducnghia/Documents/be-typeorm/src/controller/LoanController.ts","statementMap":{"0":{"start":{"line":1,"column":0},"end":{"line":1,"column":38}},"1":{"start":{"line":2,"column":0},"end":{"line":2,"column":36}},"2":{"start":{"line":4,"column":0},"end":{"line":4,"column":36}},"3":{"start":{"line":6,"column":0},"end":{"line":6,"column":13}},"4":{"start":{"line":7,"column":12},"end":{"line":7,"column":null}},"5":{"start":{"line":8,"column":12},"end":{"line":8,"column":null}},"6":{"start":{"line":10,"column":10},"end":{"line":18,"column":null}},"7":{"start":{"line":12,"column":37},"end":{"line":12,"column":null}},"8":{"start":{"line":12,"column":18},"end":{"line":12,"column":null}},"9":{"start":{"line":14,"column":12},"end":{"line":14,"column":null}},"10":{"start":{"line":16,"column":12},"end":{"line":16,"column":56}},"11":{"start":{"line":20,"column":10},"end":{"line":28,"column":null}},"12":{"start":{"line":22,"column":31},"end":{"line":22,"column":null}},"13":{"start":{"line":22,"column":18},"end":{"line":22,"column":null}},"14":{"start":{"line":24,"column":12},"end":{"line":24,"column":null}},"15":{"start":{"line":26,"column":12},"end":{"line":26,"column":56}},"16":{"start":{"line":30,"column":10},"end":{"line":52,"column":null}},"17":{"start":{"line":32,"column":18},"end":{"line":39,"column":null}},"18":{"start":{"line":41,"column":31},"end":{"line":41,"column":null}},"19":{"start":{"line":41,"column":18},"end":{"line":41,"column":null}},"20":{"start":{"line":42,"column":12},"end":{"line":44,"column":null}},"21":{"start":{"line":43,"column":16},"end":{"line":43,"column":null}},"22":{"start":{"line":46,"column":31},"end":{"line":46,"column":null}},"23":{"start":{"line":46,"column":18},"end":{"line":46,"column":null}},"24":{"start":{"line":48,"column":12},"end":{"line":48,"column":74}},"25":{"start":{"line":50,"column":12},"end":{"line":50,"column":45}},"26":{"start":{"line":54,"column":10},"end":{"line":79,"column":null}},"27":{"start":{"line":56,"column":31},"end":{"line":56,"column":null}},"28":{"start":{"line":56,"column":18},"end":{"line":56,"column":null}},"29":{"start":{"line":57,"column":12},"end":{"line":59,"column":null}},"30":{"start":{"line":58,"column":16},"end":{"line":58,"column":79}},"31":{"start":{"line":61,"column":31},"end":{"line":61,"column":null}},"32":{"start":{"line":61,"column":18},"end":{"line":61,"column":null}},"33":{"start":{"line":62,"column":12},"end":{"line":64,"column":null}},"34":{"start":{"line":63,"column":16},"end":{"line":63,"column":79}},"35":{"start":{"line":66,"column":12},"end":{"line":66,"column":44}},"36":{"start":{"line":67,"column":12},"end":{"line":67,"column":62}},"37":{"start":{"line":68,"column":12},"end":{"line":68,"column":38}},"38":{"start":{"line":69,"column":12},"end":{"line":69,"column":52}},"39":{"start":{"line":70,"column":12},"end":{"line":70,"column":64}},"40":{"start":{"line":71,"column":12},"end":{"line":71,"column":54}},"41":{"start":{"line":73,"column":12},"end":{"line":73,"column":49}},"42":{"start":{"line":75,"column":12},"end":{"line":75,"column":62}},"43":{"start":{"line":77,"column":12},"end":{"line":77,"column":45}},"44":{"start":{"line":81,"column":10},"end":{"line":92,"column":null}},"45":{"start":{"line":83,"column":33},"end":{"line":83,"column":null}},"46":{"start":{"line":83,"column":18},"end":{"line":83,"column":null}},"47":{"start":{"line":84,"column":12},"end":{"line":84,"column":88}},"48":{"start":{"line":84,"column":31},"end":{"line":84,"column":88}},"49":{"start":{"line":86,"column":12},"end":{"line":86,"column":59}},"50":{"start":{"line":88,"column":12},"end":{"line":88,"column":63}},"51":{"start":{"line":90,"column":12},"end":{"line":90,"column":56}},"52":{"start":{"line":93,"column":0},"end":{"line":93,"column":null}},"53":{"start":{"line":6,"column":13},"end":{"line":6,"column":27}}},"fnMap":{"0":{"name":"(anonymous_13)","decl":{"start":{"line":6,"column":0},"end":{"line":6,"column":13}},"loc":{"start":{"line":6,"column":0},"end":{"line":93,"column":null}}},"1":{"name":"(anonymous_15)","decl":{"start":{"line":10,"column":4},"end":{"line":10,"column":10}},"loc":{"start":{"line":10,"column":64},"end":{"line":18,"column":null}}},"2":{"name":"(anonymous_18)","decl":{"start":{"line":20,"column":4},"end":{"line":20,"column":10}},"loc":{"start":{"line":20,"column":67},"end":{"line":28,"column":null}}},"3":{"name":"(anonymous_21)","decl":{"start":{"line":30,"column":4},"end":{"line":30,"column":10}},"loc":{"start":{"line":30,"column":68},"end":{"line":52,"column":null}}},"4":{"name":"(anonymous_24)","decl":{"start":{"line":54,"column":4},"end":{"line":54,"column":10}},"loc":{"start":{"line":54,"column":68},"end":{"line":79,"column":null}}},"5":{"name":"(anonymous_27)","decl":{"start":{"line":81,"column":4},"end":{"line":81,"column":10}},"loc":{"start":{"line":81,"column":64},"end":{"line":92,"column":null}}}},"branchMap":{"0":{"loc":{"start":{"line":42,"column":12},"end":{"line":44,"column":null}},"type":"if","locations":[{"start":{"line":42,"column":12},"end":{"line":44,"column":null}}]},"1":{"loc":{"start":{"line":57,"column":12},"end":{"line":59,"column":null}},"type":"if","locations":[{"start":{"line":57,"column":12},"end":{"line":59,"column":null}}]},"2":{"loc":{"start":{"line":62,"column":12},"end":{"line":64,"column":null}},"type":"if","locations":[{"start":{"line":62,"column":12},"end":{"line":64,"column":null}}]},"3":{"loc":{"start":{"line":84,"column":12},"end":{"line":84,"column":88}},"type":"if","locations":[{"start":{"line":84,"column":12},"end":{"line":84,"column":88}}]}},"s":{"0":2,"1":2,"2":2,"3":2,"4":1,"5":1,"6":2,"7":1,"8":1,"9":1,"10":0,"11":2,"12":0,"13":0,"14":0,"15":0,"16":2,"17":0,"18":0,"19":0,"20":0,"21":0,"22":0,"23":0,"24":0,"25":0,"26":2,"27":0,"28":0,"29":0,"30":0,"31":0,"32":0,"33":0,"34":0,"35":0,"36":0,"37":0,"38":0,"39":0,"40":0,"41":0,"42":0,"43":0,"44":2,"45":0,"46":0,"47":0,"48":0,"49":0,"50":0,"51":0,"52":2,"53":2},"f":{"0":3,"1":1,"2":0,"3":0,"4":0,"5":0},"b":{"0":[0],"1":[0],"2":[0],"3":[0]}}
,"/Users/ducnghia/Documents/be-typeorm/src/controller/TransactionController.ts": {"path":"/Users/ducnghia/Documents/be-typeorm/src/controller/TransactionController.ts","statementMap":{"0":{"start":{"line":1,"column":0},"end":{"line":1,"column":53}},"1":{"start":{"line":2,"column":0},"end":{"line":2,"column":50}},"2":{"start":{"line":4,"column":0},"end":{"line":4,"column":36}},"3":{"start":{"line":5,"column":0},"end":{"line":5,"column":27}},"4":{"start":{"line":6,"column":0},"end":{"line":6,"column":33}},"5":{"start":{"line":13,"column":0},"end":{"line":13,"column":13}},"6":{"start":{"line":14,"column":12},"end":{"line":14,"column":63}},"7":{"start":{"line":15,"column":12},"end":{"line":15,"column":49}},"8":{"start":{"line":17,"column":4},"end":{"line":33,"column":null}},"9":{"start":{"line":18,"column":30},"end":{"line":18,"column":32}},"10":{"start":{"line":19,"column":8},"end":{"line":21,"column":null}},"11":{"start":{"line":20,"column":12},"end":{"line":20,"column":null}},"12":{"start":{"line":22,"column":8},"end":{"line":24,"column":null}},"13":{"start":{"line":23,"column":12},"end":{"line":23,"column":null}},"14":{"start":{"line":25,"column":8},"end":{"line":27,"column":null}},"15":{"start":{"line":26,"column":12},"end":{"line":26,"column":null}},"16":{"start":{"line":28,"column":8},"end":{"line":30,"column":null}},"17":{"start":{"line":29,"column":12},"end":{"line":29,"column":null}},"18":{"start":{"line":32,"column":8},"end":{"line":32,"column":null}},"19":{"start":{"line":35,"column":4},"end":{"line":46,"column":null}},"20":{"start":{"line":36,"column":30},"end":{"line":36,"column":32}},"21":{"start":{"line":37,"column":8},"end":{"line":39,"column":null}},"22":{"start":{"line":38,"column":12},"end":{"line":38,"column":null}},"23":{"start":{"line":40,"column":8},"end":{"line":42,"column":null}},"24":{"start":{"line":41,"column":12},"end":{"line":41,"column":null}},"25":{"start":{"line":45,"column":8},"end":{"line":45,"column":null}},"26":{"start":{"line":48,"column":4},"end":{"line":65,"column":null}},"27":{"start":{"line":48,"column":84},"end":{"line":65,"column":null}},"28":{"start":{"line":50,"column":12},"end":{"line":50,"column":79}},"29":{"start":{"line":51,"column":12},"end":{"line":51,"column":59}},"30":{"start":{"line":52,"column":12},"end":{"line":52,"column":53}},"31":{"start":{"line":54,"column":18},"end":{"line":54,"column":null}},"32":{"start":{"line":55,"column":16},"end":{"line":55,"column":null}},"33":{"start":{"line":56,"column":16},"end":{"line":56,"column":null}},"34":{"start":{"line":54,"column":12},"end":{"line":57,"column":null}},"35":{"start":{"line":59,"column":12},"end":{"line":59,"column":50}},"36":{"start":{"line":61,"column":12},"end":{"line":61,"column":52}},"37":{"start":{"line":63,"column":12},"end":{"line":63,"column":40}},"38":{"start":{"line":67,"column":4},"end":{"line":112,"column":null}},"39":{"start":{"line":67,"column":85},"end":{"line":112,"column":null}},"40":{"start":{"line":68,"column":44},"end":{"line":73,"column":null}},"41":{"start":{"line":68,"column":14},"end":{"line":73,"column":null}},"42":{"start":{"line":76,"column":16},"end":{"line":76,"column":73}},"43":{"start":{"line":78,"column":16},"end":{"line":78,"column":46}},"44":{"start":{"line":79,"column":12},"end":{"line":82,"column":15}},"45":{"start":{"line":80,"column":35},"end":{"line":80,"column":147}},"46":{"start":{"line":81,"column":16},"end":{"line":81,"column":50}},"47":{"start":{"line":84,"column":12},"end":{"line":84,"column":64}},"48":{"start":{"line":85,"column":18},"end":{"line":85,"column":98}},"49":{"start":{"line":87,"column":12},"end":{"line":98,"column":null}},"50":{"start":{"line":87,"column":36},"end":{"line":98,"column":14}},"51":{"start":{"line":88,"column":20},"end":{"line":88,"column":34}},"52":{"start":{"line":89,"column":20},"end":{"line":95,"column":null}},"53":{"start":{"line":90,"column":24},"end":{"line":90,"column":58}},"54":{"start":{"line":91,"column":24},"end":{"line":91,"column":43}},"55":{"start":{"line":93,"column":24},"end":{"line":93,"column":44}},"56":{"start":{"line":94,"column":24},"end":{"line":94,"column":58}},"57":{"start":{"line":96,"column":20},"end":{"line":96,"column":67}},"58":{"start":{"line":100,"column":12},"end":{"line":100,"column":86}},"59":{"start":{"line":101,"column":18},"end":{"line":101,"column":null}},"60":{"start":{"line":102,"column":16},"end":{"line":102,"column":null}},"61":{"start":{"line":103,"column":16},"end":{"line":103,"column":null}},"62":{"start":{"line":101,"column":12},"end":{"line":104,"column":15}},"63":{"start":{"line":106,"column":12},"end":{"line":106,"column":50}},"64":{"start":{"line":108,"column":12},"end":{"line":108,"column":52}},"65":{"start":{"line":110,"column":12},"end":{"line":110,"column":40}},"66":{"start":{"line":114,"column":10},"end":{"line":122,"column":null}},"67":{"start":{"line":116,"column":48},"end":{"line":116,"column":null}},"68":{"start":{"line":116,"column":18},"end":{"line":116,"column":null}},"69":{"start":{"line":118,"column":12},"end":{"line":118,"column":null}},"70":{"start":{"line":120,"column":12},"end":{"line":120,"column":56}},"71":{"start":{"line":124,"column":10},"end":{"line":132,"column":null}},"72":{"start":{"line":126,"column":45},"end":{"line":126,"column":null}},"73":{"start":{"line":126,"column":18},"end":{"line":126,"column":null}},"74":{"start":{"line":128,"column":12},"end":{"line":128,"column":null}},"75":{"start":{"line":130,"column":12},"end":{"line":130,"column":56}},"76":{"start":{"line":134,"column":10},"end":{"line":145,"column":null}},"77":{"start":{"line":136,"column":48},"end":{"line":139,"column":null}},"78":{"start":{"line":136,"column":18},"end":{"line":139,"column":null}},"79":{"start":{"line":141,"column":12},"end":{"line":141,"column":null}},"80":{"start":{"line":143,"column":12},"end":{"line":143,"column":56}},"81":{"start":{"line":147,"column":10},"end":{"line":188,"column":null}},"82":{"start":{"line":149,"column":18},"end":{"line":154,"column":null}},"83":{"start":{"line":156,"column":31},"end":{"line":156,"column":null}},"84":{"start":{"line":156,"column":18},"end":{"line":156,"column":null}},"85":{"start":{"line":157,"column":12},"end":{"line":159,"column":null}},"86":{"start":{"line":158,"column":16},"end":{"line":158,"column":null}},"87":{"start":{"line":161,"column":18},"end":{"line":161,"column":47}},"88":{"start":{"line":162,"column":18},"end":{"line":162,"column":63}},"89":{"start":{"line":163,"column":12},"end":{"line":163,"column":40}},"90":{"start":{"line":164,"column":12},"end":{"line":164,"column":49}},"91":{"start":{"line":166,"column":16},"end":{"line":166,"column":null}},"92":{"start":{"line":167,"column":20},"end":{"line":167,"column":null}},"93":{"start":{"line":168,"column":21},"end":{"line":168,"column":31}},"94":{"start":{"line":175,"column":21},"end":{"line":175,"column":32}},"95":{"start":{"line":169,"column":20},"end":{"line":169,"column":72}},"96":{"start":{"line":170,"column":20},"end":{"line":172,"column":null}},"97":{"start":{"line":171,"column":24},"end":{"line":171,"column":71}},"98":{"start":{"line":173,"column":20},"end":{"line":173,"column":76}},"99":{"start":{"line":174,"column":20},"end":{"line":174,"column":26}},"100":{"start":{"line":176,"column":20},"end":{"line":176,"column":73}},"101":{"start":{"line":177,"column":20},"end":{"line":179,"column":null}},"102":{"start":{"line":178,"column":24},"end":{"line":178,"column":71}},"103":{"start":{"line":180,"column":20},"end":{"line":180,"column":77}},"104":{"start":{"line":181,"column":20},"end":{"line":181,"column":26}},"105":{"start":{"line":184,"column":12},"end":{"line":184,"column":null}},"106":{"start":{"line":186,"column":12},"end":{"line":186,"column":56}},"107":{"start":{"line":189,"column":0},"end":{"line":189,"column":null}},"108":{"start":{"line":13,"column":13},"end":{"line":13,"column":34}}},"fnMap":{"0":{"name":"(anonymous_13)","decl":{"start":{"line":13,"column":0},"end":{"line":13,"column":13}},"loc":{"start":{"line":13,"column":0},"end":{"line":189,"column":null}}},"1":{"name":"(anonymous_15)","decl":{"start":{"line":17,"column":25},"end":{"line":17,"column":26}},"loc":{"start":{"line":17,"column":71},"end":{"line":33,"column":5}}},"2":{"name":"(anonymous_16)","decl":{"start":{"line":35,"column":26},"end":{"line":35,"column":27}},"loc":{"start":{"line":35,"column":72},"end":{"line":46,"column":5}}},"3":{"name":"(anonymous_17)","decl":{"start":{"line":48,"column":19},"end":{"line":48,"column":26}},"loc":{"start":{"line":48,"column":84},"end":{"line":65,"column":null}}},"4":{"name":"(anonymous_18)","decl":{"start":{"line":48,"column":84},"end":{"line":48,"column":null}},"loc":{"start":{"line":48,"column":84},"end":{"line":65,"column":null}}},"5":{"name":"(anonymous_20)","decl":{"start":{"line":67,"column":20},"end":{"line":67,"column":27}},"loc":{"start":{"line":67,"column":85},"end":{"line":112,"column":null}}},"6":{"name":"(anonymous_21)","decl":{"start":{"line":67,"column":85},"end":{"line":67,"column":null}},"loc":{"start":{"line":67,"column":85},"end":{"line":112,"column":null}}},"7":{"name":"(anonymous_23)","decl":{"start":{"line":79,"column":29},"end":{"line":79,"column":33}},"loc":{"start":{"line":79,"column":33},"end":{"line":82,"column":13}}},"8":{"name":"(anonymous_24)","decl":{"start":{"line":87,"column":29},"end":{"line":87,"column":35}},"loc":{"start":{"line":87,"column":36},"end":{"line":98,"column":14}}},"9":{"name":"(anonymous_25)","decl":{"start":{"line":87,"column":36},"end":{"line":87,"column":null}},"loc":{"start":{"line":87,"column":36},"end":{"line":98,"column":14}}},"10":{"name":"(anonymous_27)","decl":{"start":{"line":114,"column":4},"end":{"line":114,"column":10}},"loc":{"start":{"line":114,"column":64},"end":{"line":122,"column":null}}},"11":{"name":"(anonymous_30)","decl":{"start":{"line":124,"column":4},"end":{"line":124,"column":10}},"loc":{"start":{"line":124,"column":67},"end":{"line":132,"column":null}}},"12":{"name":"(anonymous_33)","decl":{"start":{"line":134,"column":4},"end":{"line":134,"column":10}},"loc":{"start":{"line":134,"column":83},"end":{"line":145,"column":null}}},"13":{"name":"(anonymous_36)","decl":{"start":{"line":147,"column":4},"end":{"line":147,"column":10}},"loc":{"start":{"line":147,"column":75},"end":{"line":188,"column":null}}}},"branchMap":{"0":{"loc":{"start":{"line":19,"column":8},"end":{"line":21,"column":null}},"type":"if","locations":[{"start":{"line":19,"column":8},"end":{"line":21,"column":null}}]},"1":{"loc":{"start":{"line":22,"column":8},"end":{"line":24,"column":null}},"type":"if","locations":[{"start":{"line":22,"column":8},"end":{"line":24,"column":null}}]},"2":{"loc":{"start":{"line":22,"column":12},"end":{"line":22,"column":72}},"type":"binary-expr","locations":[{"start":{"line":22,"column":12},"end":{"line":22,"column":39}},{"start":{"line":22,"column":43},"end":{"line":22,"column":72}}]},"3":{"loc":{"start":{"line":25,"column":8},"end":{"line":27,"column":null}},"type":"if","locations":[{"start":{"line":25,"column":8},"end":{"line":27,"column":null}}]},"4":{"loc":{"start":{"line":28,"column":8},"end":{"line":30,"column":null}},"type":"if","locations":[{"start":{"line":28,"column":8},"end":{"line":30,"column":null}}]},"5":{"loc":{"start":{"line":37,"column":8},"end":{"line":39,"column":null}},"type":"if","locations":[{"start":{"line":37,"column":8},"end":{"line":39,"column":null}}]},"6":{"loc":{"start":{"line":40,"column":8},"end":{"line":42,"column":null}},"type":"if","locations":[{"start":{"line":40,"column":8},"end":{"line":42,"column":null}}]},"7":{"loc":{"start":{"line":54,"column":12},"end":{"line":57,"column":null}},"type":"switch","locations":[{"start":{"line":54,"column":12},"end":{"line":57,"column":null}},{"start":{"line":63,"column":12},"end":{"line":63,"column":40}}]},"8":{"loc":{"start":{"line":68,"column":44},"end":{"line":73,"column":null}},"type":"switch","locations":[{"start":{"line":68,"column":44},"end":{"line":73,"column":null}},{"start":{"line":101,"column":12},"end":{"line":104,"column":15}},{"start":{"line":110,"column":12},"end":{"line":110,"column":40}}]},"9":{"loc":{"start":{"line":88,"column":20},"end":{"line":88,"column":34}},"type":"if","locations":[{"start":{"line":88,"column":20},"end":{"line":88,"column":34}}]},"10":{"loc":{"start":{"line":89,"column":20},"end":{"line":95,"column":null}},"type":"if","locations":[{"start":{"line":89,"column":20},"end":{"line":95,"column":null}},{"start":{"line":92,"column":27},"end":{"line":95,"column":null}}]},"11":{"loc":{"start":{"line":89,"column":24},"end":{"line":89,"column":98}},"type":"binary-expr","locations":[{"start":{"line":89,"column":25},"end":{"line":89,"column":57}},{"start":{"line":89,"column":63},"end":{"line":89,"column":97}}]},"12":{"loc":{"start":{"line":184,"column":12},"end":{"line":184,"column":null}},"type":"switch","locations":[{"start":{"line":184,"column":12},"end":{"line":184,"column":null}}]},"13":{"loc":{"start":{"line":153,"column":29},"end":{"line":153,"column":85}},"type":"cond-expr","locations":[{"start":{"line":153,"column":52},"end":{"line":153,"column":72}},{"start":{"line":153,"column":75},"end":{"line":153,"column":85}}]},"14":{"loc":{"start":{"line":157,"column":12},"end":{"line":159,"column":null}},"type":"if","locations":[{"start":{"line":157,"column":12},"end":{"line":159,"column":null}}]},"15":{"loc":{"start":{"line":168,"column":21},"end":{"line":168,"column":31}},"type":"switch","locations":[{"start":{"line":168,"column":21},"end":{"line":168,"column":31}},{"start":{"line":175,"column":21},"end":{"line":175,"column":32}}]},"16":{"loc":{"start":{"line":170,"column":20},"end":{"line":172,"column":null}},"type":"if","locations":[{"start":{"line":170,"column":20},"end":{"line":172,"column":null}}]},"17":{"loc":{"start":{"line":177,"column":20},"end":{"line":179,"column":null}},"type":"if","locations":[{"start":{"line":177,"column":20},"end":{"line":179,"column":null}}]}},"s":{"0":2,"1":2,"2":2,"3":2,"4":2,"5":2,"6":0,"7":0,"8":0,"9":0,"10":0,"11":0,"12":0,"13":0,"14":0,"15":0,"16":0,"17":0,"18":0,"19":0,"20":0,"21":0,"22":0,"23":0,"24":0,"25":0,"26":0,"27":0,"28":0,"29":0,"30":0,"31":0,"32":0,"33":0,"34":0,"35":0,"36":0,"37":0,"38":0,"39":0,"40":0,"41":0,"42":0,"43":0,"44":0,"45":0,"46":0,"47":0,"48":0,"49":0,"50":0,"51":0,"52":0,"53":0,"54":0,"55":0,"56":0,"57":0,"58":0,"59":0,"60":0,"61":0,"62":0,"63":0,"64":0,"65":0,"66":2,"67":0,"68":0,"69":0,"70":0,"71":2,"72":0,"73":0,"74":0,"75":0,"76":2,"77":0,"78":0,"79":0,"80":0,"81":2,"82":0,"83":0,"84":0,"85":0,"86":0,"87":0,"88":0,"89":0,"90":0,"91":0,"92":0,"93":0,"94":0,"95":0,"96":0,"97":0,"98":0,"99":0,"100":0,"101":0,"102":0,"103":0,"104":0,"105":0,"106":0,"107":2,"108":2},"f":{"0":2,"1":0,"2":0,"3":0,"4":0,"5":0,"6":0,"7":0,"8":0,"9":0,"10":0,"11":0,"12":0,"13":0},"b":{"0":[0],"1":[0],"2":[0,0],"3":[0],"4":[0],"5":[0],"6":[0],"7":[0,0],"8":[0,0,0],"9":[0],"10":[0,0],"11":[0,0],"12":[0],"13":[0,0],"14":[0],"15":[0,0],"16":[0],"17":[0]}}
,"/Users/ducnghia/Documents/be-typeorm/src/controller/UserController.ts": {"path":"/Users/ducnghia/Documents/be-typeorm/src/controller/UserController.ts","statementMap":{"0":{"start":{"line":1,"column":0},"end":{"line":1,"column":38}},"1":{"start":{"line":3,"column":0},"end":{"line":3,"column":36}},"2":{"start":{"line":5,"column":0},"end":{"line":5,"column":13}},"3":{"start":{"line":7,"column":10},"end":{"line":7,"column":47}},"4":{"start":{"line":9,"column":8},"end":{"line":17,"column":null}},"5":{"start":{"line":11,"column":28},"end":{"line":11,"column":null}},"6":{"start":{"line":11,"column":12},"end":{"line":11,"column":null}},"7":{"start":{"line":13,"column":6},"end":{"line":13,"column":null}},"8":{"start":{"line":15,"column":6},"end":{"line":15,"column":50}},"9":{"start":{"line":19,"column":8},"end":{"line":27,"column":null}},"10":{"start":{"line":21,"column":25},"end":{"line":21,"column":null}},"11":{"start":{"line":21,"column":12},"end":{"line":21,"column":null}},"12":{"start":{"line":23,"column":6},"end":{"line":23,"column":69}},"13":{"start":{"line":25,"column":6},"end":{"line":25,"column":50}},"14":{"start":{"line":29,"column":8},"end":{"line":37,"column":null}},"15":{"start":{"line":31,"column":25},"end":{"line":31,"column":null}},"16":{"start":{"line":31,"column":12},"end":{"line":31,"column":null}},"17":{"start":{"line":33,"column":6},"end":{"line":33,"column":69}},"18":{"start":{"line":35,"column":6},"end":{"line":35,"column":50}},"19":{"start":{"line":39,"column":8},"end":{"line":50,"column":null}},"20":{"start":{"line":41,"column":25},"end":{"line":41,"column":null}},"21":{"start":{"line":41,"column":10},"end":{"line":41,"column":null}},"22":{"start":{"line":42,"column":6},"end":{"line":42,"column":82}},"23":{"start":{"line":42,"column":25},"end":{"line":42,"column":82}},"24":{"start":{"line":44,"column":6},"end":{"line":44,"column":53}},"25":{"start":{"line":46,"column":6},"end":{"line":46,"column":57}},"26":{"start":{"line":48,"column":6},"end":{"line":48,"column":50}},"27":{"start":{"line":51,"column":0},"end":{"line":51,"column":null}},"28":{"start":{"line":5,"column":13},"end":{"line":5,"column":27}}},"fnMap":{"0":{"name":"(anonymous_13)","decl":{"start":{"line":5,"column":0},"end":{"line":5,"column":13}},"loc":{"start":{"line":5,"column":0},"end":{"line":51,"column":null}}},"1":{"name":"(anonymous_15)","decl":{"start":{"line":9,"column":2},"end":{"line":9,"column":8}},"loc":{"start":{"line":9,"column":62},"end":{"line":17,"column":null}}},"2":{"name":"(anonymous_18)","decl":{"start":{"line":19,"column":2},"end":{"line":19,"column":8}},"loc":{"start":{"line":19,"column":65},"end":{"line":27,"column":null}}},"3":{"name":"(anonymous_21)","decl":{"start":{"line":29,"column":2},"end":{"line":29,"column":8}},"loc":{"start":{"line":29,"column":60},"end":{"line":37,"column":null}}},"4":{"name":"(anonymous_24)","decl":{"start":{"line":39,"column":2},"end":{"line":39,"column":8}},"loc":{"start":{"line":39,"column":62},"end":{"line":50,"column":null}}}},"branchMap":{"0":{"loc":{"start":{"line":42,"column":6},"end":{"line":42,"column":82}},"type":"if","locations":[{"start":{"line":42,"column":6},"end":{"line":42,"column":82}}]}},"s":{"0":2,"1":2,"2":2,"3":5,"4":2,"5":1,"6":1,"7":1,"8":0,"9":2,"10":1,"11":1,"12":1,"13":0,"14":2,"15":1,"16":1,"17":1,"18":0,"19":2,"20":2,"21":2,"22":2,"23":1,"24":2,"25":1,"26":0,"27":2,"28":2},"f":{"0":7,"1":1,"2":1,"3":1,"4":2},"b":{"0":[1]}}
,"/Users/ducnghia/Documents/be-typeorm/src/cron/cronLoan.ts": {"path":"/Users/ducnghia/Documents/be-typeorm/src/cron/cronLoan.ts","statementMap":{"0":{"start":{"line":1,"column":0},"end":{"line":1,"column":48}},"1":{"start":{"line":2,"column":0},"end":{"line":2,"column":36}},"2":{"start":{"line":3,"column":0},"end":{"line":3,"column":33}},"3":{"start":{"line":5,"column":13},"end":{"line":16,"column":null}},"4":{"start":{"line":5,"column":25},"end":{"line":16,"column":null}},"5":{"start":{"line":6,"column":10},"end":{"line":6,"column":47}},"6":{"start":{"line":8,"column":18},"end":{"line":8,"column":null}},"7":{"start":{"line":8,"column":10},"end":{"line":8,"column":null}},"8":{"start":{"line":10,"column":4},"end":{"line":13,"column":8}},"9":{"start":{"line":10,"column":42},"end":{"line":13,"column":6}},"10":{"start":{"line":11,"column":8},"end":{"line":11,"column":31}},"11":{"start":{"line":12,"column":8},"end":{"line":12,"column":40}},"12":{"start":{"line":15,"column":4},"end":{"line":15,"column":11}}},"fnMap":{"0":{"name":"(anonymous_13)","decl":{"start":{"line":5,"column":25},"end":{"line":5,"column":null}},"loc":{"start":{"line":5,"column":25},"end":{"line":16,"column":null}}},"1":{"name":"(anonymous_16)","decl":{"start":{"line":10,"column":32},"end":{"line":10,"column":38}},"loc":{"start":{"line":10,"column":42},"end":{"line":13,"column":6}}},"2":{"name":"(anonymous_17)","decl":{"start":{"line":10,"column":42},"end":{"line":10,"column":null}},"loc":{"start":{"line":10,"column":42},"end":{"line":13,"column":6}}}},"branchMap":{},"s":{"0":2,"1":2,"2":2,"3":2,"4":0,"5":0,"6":0,"7":0,"8":0,"9":0,"10":0,"11":0,"12":0},"f":{"0":0,"1":0,"2":0},"b":{}}
,"/Users/ducnghia/Documents/be-typeorm/src/entity/Loan.ts": {"path":"/Users/ducnghia/Documents/be-typeorm/src/entity/Loan.ts","statementMap":{"0":{"start":{"line":1,"column":0},"end":{"line":1,"column":null}},"1":{"start":{"line":10,"column":0},"end":{"line":10,"column":28}},"2":{"start":{"line":13,"column":0},"end":{"line":13,"column":13}},"3":{"start":{"line":15,"column":4},"end":{"line":15,"column":null}},"4":{"start":{"line":19,"column":4},"end":{"line":19,"column":null}},"5":{"start":{"line":17,"column":21},"end":{"line":17,"column":26}},"6":{"start":{"line":25,"column":4},"end":{"line":25,"column":null}},"7":{"start":{"line":31,"column":4},"end":{"line":31,"column":null}},"8":{"start":{"line":34,"column":4},"end":{"line":34,"column":null}},"9":{"start":{"line":40,"column":4},"end":{"line":40,"column":null}},"10":{"start":{"line":45,"column":4},"end":{"line":45,"column":null}},"11":{"start":{"line":51,"column":4},"end":{"line":51,"column":null}},"12":{"start":{"line":54,"column":4},"end":{"line":54,"column":null}},"13":{"start":{"line":57,"column":4},"end":{"line":57,"column":null}},"14":{"start":{"line":13,"column":13},"end":{"line":58,"column":null}},"15":{"start":{"line":58,"column":0},"end":{"line":58,"column":null}},"16":{"start":{"line":13,"column":13},"end":{"line":13,"column":17}}},"fnMap":{"0":{"name":"(anonymous_2)","decl":{"start":{"line":13,"column":0},"end":{"line":13,"column":13}},"loc":{"start":{"line":13,"column":0},"end":{"line":13,"column":13}}},"1":{"name":"(anonymous_4)","decl":{"start":{"line":17,"column":15},"end":{"line":17,"column":21}},"loc":{"start":{"line":17,"column":15},"end":{"line":17,"column":25}}}},"branchMap":{},"s":{"0":2,"1":2,"2":2,"3":2,"4":2,"5":13,"6":2,"7":2,"8":2,"9":2,"10":2,"11":2,"12":2,"13":2,"14":2,"15":2,"16":2},"f":{"0":15,"1":13},"b":{}}
,"/Users/ducnghia/Documents/be-typeorm/src/entity/Transaction.ts": {"path":"/Users/ducnghia/Documents/be-typeorm/src/entity/Transaction.ts","statementMap":{"0":{"start":{"line":1,"column":0},"end":{"line":1,"column":null}},"1":{"start":{"line":9,"column":0},"end":{"line":9,"column":28}},"2":{"start":{"line":12,"column":0},"end":{"line":12,"column":13}},"3":{"start":{"line":14,"column":4},"end":{"line":14,"column":null}},"4":{"start":{"line":20,"column":4},"end":{"line":20,"column":null}},"5":{"start":{"line":27,"column":4},"end":{"line":27,"column":null}},"6":{"start":{"line":33,"column":4},"end":{"line":33,"column":null}},"7":{"start":{"line":37,"column":4},"end":{"line":37,"column":null}},"8":{"start":{"line":35,"column":21},"end":{"line":35,"column":26}},"9":{"start":{"line":40,"column":4},"end":{"line":40,"column":null}},"10":{"start":{"line":43,"column":4},"end":{"line":43,"column":null}},"11":{"start":{"line":46,"column":4},"end":{"line":46,"column":null}},"12":{"start":{"line":12,"column":13},"end":{"line":47,"column":null}},"13":{"start":{"line":47,"column":0},"end":{"line":47,"column":null}},"14":{"start":{"line":12,"column":13},"end":{"line":12,"column":24}}},"fnMap":{"0":{"name":"(anonymous_2)","decl":{"start":{"line":12,"column":0},"end":{"line":12,"column":13}},"loc":{"start":{"line":12,"column":0},"end":{"line":12,"column":13}}},"1":{"name":"(anonymous_4)","decl":{"start":{"line":35,"column":15},"end":{"line":35,"column":21}},"loc":{"start":{"line":35,"column":15},"end":{"line":35,"column":25}}}},"branchMap":{},"s":{"0":2,"1":2,"2":2,"3":2,"4":2,"5":2,"6":2,"7":2,"8":13,"9":2,"10":2,"11":2,"12":2,"13":2,"14":2},"f":{"0":15,"1":13},"b":{}}
,"/Users/ducnghia/Documents/be-typeorm/src/entity/User.ts": {"path":"/Users/ducnghia/Documents/be-typeorm/src/entity/User.ts","statementMap":{"0":{"start":{"line":1,"column":0},"end":{"line":1,"column":81}},"1":{"start":{"line":4,"column":0},"end":{"line":4,"column":13}},"2":{"start":{"line":6,"column":2},"end":{"line":6,"column":null}},"3":{"start":{"line":9,"column":2},"end":{"line":9,"column":null}},"4":{"start":{"line":15,"column":2},"end":{"line":15,"column":null}},"5":{"start":{"line":18,"column":2},"end":{"line":18,"column":null}},"6":{"start":{"line":21,"column":2},"end":{"line":21,"column":null}},"7":{"start":{"line":4,"column":13},"end":{"line":22,"column":null}},"8":{"start":{"line":22,"column":0},"end":{"line":22,"column":null}},"9":{"start":{"line":4,"column":13},"end":{"line":4,"column":17}}},"fnMap":{"0":{"name":"(anonymous_2)","decl":{"start":{"line":4,"column":0},"end":{"line":4,"column":13}},"loc":{"start":{"line":4,"column":0},"end":{"line":4,"column":13}}}},"branchMap":{},"s":{"0":2,"1":2,"2":2,"3":2,"4":2,"5":2,"6":2,"7":2,"8":2,"9":2},"f":{"0":22},"b":{}}
,"/Users/ducnghia/Documents/be-typeorm/src/routes/index.ts": {"path":"/Users/ducnghia/Documents/be-typeorm/src/routes/index.ts","statementMap":{"0":{"start":{"line":1,"column":0},"end":{"line":1,"column":40}},"1":{"start":{"line":2,"column":0},"end":{"line":2,"column":40}},"2":{"start":{"line":3,"column":0},"end":{"line":3,"column":54}},"3":{"start":{"line":5,"column":13},"end":{"line":8,"column":null}}},"fnMap":{},"branchMap":{},"s":{"0":2,"1":2,"2":2,"3":2},"f":{},"b":{}}
,"/Users/ducnghia/Documents/be-typeorm/src/routes/loanRoutes.ts": {"path":"/Users/ducnghia/Documents/be-typeorm/src/routes/loanRoutes.ts","statementMap":{"0":{"start":{"line":1,"column":0},"end":{"line":1,"column":48}},"1":{"start":{"line":2,"column":0},"end":{"line":2,"column":60}},"2":{"start":{"line":5,"column":13},"end":{"line":55,"column":null}}},"fnMap":{},"branchMap":{},"s":{"0":2,"1":2,"2":2},"f":{},"b":{}}
,"/Users/ducnghia/Documents/be-typeorm/src/routes/transactionRoutes.ts": {"path":"/Users/ducnghia/Documents/be-typeorm/src/routes/transactionRoutes.ts","statementMap":{"0":{"start":{"line":1,"column":0},"end":{"line":1,"column":48}},"1":{"start":{"line":2,"column":0},"end":{"line":2,"column":74}},"2":{"start":{"line":5,"column":13},"end":{"line":37,"column":null}}},"fnMap":{},"branchMap":{},"s":{"0":2,"1":2,"2":2},"f":{},"b":{}}
,"/Users/ducnghia/Documents/be-typeorm/src/routes/userRoutes.ts": {"path":"/Users/ducnghia/Documents/be-typeorm/src/routes/userRoutes.ts","statementMap":{"0":{"start":{"line":1,"column":0},"end":{"line":1,"column":48}},"1":{"start":{"line":2,"column":0},"end":{"line":2,"column":60}},"2":{"start":{"line":4,"column":13},"end":{"line":35,"column":3}}},"fnMap":{},"branchMap":{},"s":{"0":2,"1":2,"2":2},"f":{},"b":{}}
}
