TN:
SF:ormconfig.ts
FNF:0
FNH:0
DA:2,2
DA:4,2
LF:2
LH:2
BRF:0
BRH:0
end_of_record
TN:
SF:src/controller/LoanController.ts
FN:6,(anonymous_13)
FN:10,(anonymous_15)
FN:20,(anonymous_18)
FN:30,(anonymous_21)
FN:54,(anonymous_24)
FN:81,(anonymous_27)
FNF:6
FNH:2
FNDA:3,(anonymous_13)
FNDA:1,(anonymous_15)
FNDA:0,(anonymous_18)
FNDA:0,(anonymous_21)
FNDA:0,(anonymous_24)
FNDA:0,(anonymous_27)
DA:1,2
DA:2,2
DA:4,2
DA:6,2
DA:7,1
DA:8,1
DA:10,2
DA:12,1
DA:14,1
DA:16,0
DA:20,2
DA:22,0
DA:24,0
DA:26,0
DA:30,2
DA:32,0
DA:41,0
DA:42,0
DA:43,0
DA:46,0
DA:48,0
DA:50,0
DA:54,2
DA:56,0
DA:57,0
DA:58,0
DA:61,0
DA:62,0
DA:63,0
DA:66,0
DA:67,0
DA:68,0
DA:69,0
DA:70,0
DA:71,0
DA:73,0
DA:75,0
DA:77,0
DA:81,2
DA:83,0
DA:84,0
DA:86,0
DA:88,0
DA:90,0
DA:93,2
LF:45
LH:14
BRDA:42,0,0,0
BRDA:57,1,0,0
BRDA:62,2,0,0
BRDA:84,3,0,0
BRF:4
BRH:0
end_of_record
TN:
SF:src/controller/TransactionController.ts
FN:13,(anonymous_13)
FN:17,(anonymous_15)
FN:35,(anonymous_16)
FN:48,(anonymous_17)
FN:48,(anonymous_18)
FN:67,(anonymous_20)
FN:67,(anonymous_21)
FN:79,(anonymous_23)
FN:87,(anonymous_24)
FN:87,(anonymous_25)
FN:114,(anonymous_27)
FN:124,(anonymous_30)
FN:134,(anonymous_33)
FN:147,(anonymous_36)
FNF:14
FNH:1
FNDA:2,(anonymous_13)
FNDA:0,(anonymous_15)
FNDA:0,(anonymous_16)
FNDA:0,(anonymous_17)
FNDA:0,(anonymous_18)
FNDA:0,(anonymous_20)
FNDA:0,(anonymous_21)
FNDA:0,(anonymous_23)
FNDA:0,(anonymous_24)
FNDA:0,(anonymous_25)
FNDA:0,(anonymous_27)
FNDA:0,(anonymous_30)
FNDA:0,(anonymous_33)
FNDA:0,(anonymous_36)
DA:1,2
DA:2,2
DA:4,2
DA:5,2
DA:6,2
DA:13,2
DA:14,0
DA:15,0
DA:17,0
DA:18,0
DA:19,0
DA:20,0
DA:22,0
DA:23,0
DA:25,0
DA:26,0
DA:28,0
DA:29,0
DA:32,0
DA:35,0
DA:36,0
DA:37,0
DA:38,0
DA:40,0
DA:41,0
DA:45,0
DA:48,0
DA:50,0
DA:51,0
DA:52,0
DA:54,0
DA:55,0
DA:56,0
DA:59,0
DA:61,0
DA:63,0
DA:67,0
DA:68,0
DA:76,0
DA:78,0
DA:79,0
DA:80,0
DA:81,0
DA:84,0
DA:85,0
DA:87,0
DA:88,0
DA:89,0
DA:90,0
DA:91,0
DA:93,0
DA:94,0
DA:96,0
DA:100,0
DA:101,0
DA:102,0
DA:103,0
DA:106,0
DA:108,0
DA:110,0
DA:114,2
DA:116,0
DA:118,0
DA:120,0
DA:124,2
DA:126,0
DA:128,0
DA:130,0
DA:134,2
DA:136,0
DA:141,0
DA:143,0
DA:147,2
DA:149,0
DA:156,0
DA:157,0
DA:158,0
DA:161,0
DA:162,0
DA:163,0
DA:164,0
DA:166,0
DA:167,0
DA:168,0
DA:169,0
DA:170,0
DA:171,0
DA:173,0
DA:174,0
DA:175,0
DA:176,0
DA:177,0
DA:178,0
DA:180,0
DA:181,0
DA:184,0
DA:186,0
DA:189,2
LF:98
LH:11
BRDA:19,0,0,0
BRDA:22,1,0,0
BRDA:22,2,0,0
BRDA:22,2,1,0
BRDA:25,3,0,0
BRDA:28,4,0,0
BRDA:37,5,0,0
BRDA:40,6,0,0
BRDA:54,7,0,0
BRDA:54,7,1,0
BRDA:68,8,0,0
BRDA:68,8,1,0
BRDA:68,8,2,0
BRDA:88,9,0,0
BRDA:89,10,0,0
BRDA:89,10,1,0
BRDA:89,11,0,0
BRDA:89,11,1,0
BRDA:184,12,0,0
BRDA:153,13,0,0
BRDA:153,13,1,0
BRDA:157,14,0,0
BRDA:168,15,0,0
BRDA:168,15,1,0
BRDA:170,16,0,0
BRDA:177,17,0,0
BRF:26
BRH:0
end_of_record
TN:
SF:src/controller/UserController.ts
FN:5,(anonymous_13)
FN:9,(anonymous_15)
FN:19,(anonymous_18)
FN:29,(anonymous_21)
FN:39,(anonymous_24)
FNF:5
FNH:5
FNDA:7,(anonymous_13)
FNDA:1,(anonymous_15)
FNDA:1,(anonymous_18)
FNDA:1,(anonymous_21)
FNDA:2,(anonymous_24)
DA:1,2
DA:3,2
DA:5,2
DA:7,5
DA:9,2
DA:11,1
DA:13,1
DA:15,0
DA:19,2
DA:21,1
DA:23,1
DA:25,0
DA:29,2
DA:31,1
DA:33,1
DA:35,0
DA:39,2
DA:41,2
DA:42,2
DA:44,2
DA:46,1
DA:48,0
DA:51,2
LF:23
LH:19
BRDA:42,0,0,1
BRF:1
BRH:1
end_of_record
TN:
SF:src/cron/cronLoan.ts
FN:5,(anonymous_13)
FN:10,(anonymous_16)
FN:10,(anonymous_17)
FNF:3
FNH:0
FNDA:0,(anonymous_13)
FNDA:0,(anonymous_16)
FNDA:0,(anonymous_17)
DA:1,2
DA:2,2
DA:3,2
DA:5,2
DA:6,0
DA:8,0
DA:10,0
DA:11,0
DA:12,0
DA:15,0
LF:10
LH:4
BRF:0
BRH:0
end_of_record
TN:
SF:src/entity/Loan.ts
FN:13,(anonymous_2)
FN:17,(anonymous_4)
FNF:2
FNH:2
FNDA:15,(anonymous_2)
FNDA:13,(anonymous_4)
DA:1,2
DA:10,2
DA:13,2
DA:15,2
DA:17,13
DA:19,2
DA:25,2
DA:31,2
DA:34,2
DA:40,2
DA:45,2
DA:51,2
DA:54,2
DA:57,2
DA:58,2
LF:15
LH:15
BRF:0
BRH:0
end_of_record
TN:
SF:src/entity/Transaction.ts
FN:12,(anonymous_2)
FN:35,(anonymous_4)
FNF:2
FNH:2
FNDA:15,(anonymous_2)
FNDA:13,(anonymous_4)
DA:1,2
DA:9,2
DA:12,2
DA:14,2
DA:20,2
DA:27,2
DA:33,2
DA:35,13
DA:37,2
DA:40,2
DA:43,2
DA:46,2
DA:47,2
LF:13
LH:13
BRF:0
BRH:0
end_of_record
TN:
SF:src/entity/User.ts
FN:4,(anonymous_2)
FNF:1
FNH:1
FNDA:22,(anonymous_2)
DA:1,2
DA:4,2
DA:6,2
DA:9,2
DA:15,2
DA:18,2
DA:21,2
DA:22,2
LF:8
LH:8
BRF:0
BRH:0
end_of_record
TN:
SF:src/routes/index.ts
FNF:0
FNH:0
DA:1,2
DA:2,2
DA:3,2
DA:5,2
LF:4
LH:4
BRF:0
BRH:0
end_of_record
TN:
SF:src/routes/loanRoutes.ts
FNF:0
FNH:0
DA:1,2
DA:2,2
DA:5,2
LF:3
LH:3
BRF:0
BRH:0
end_of_record
TN:
SF:src/routes/transactionRoutes.ts
FNF:0
FNH:0
DA:1,2
DA:2,2
DA:5,2
LF:3
LH:3
BRF:0
BRH:0
end_of_record
TN:
SF:src/routes/userRoutes.ts
FNF:0
FNH:0
DA:1,2
DA:2,2
DA:4,2
LF:3
LH:3
BRF:0
BRH:0
end_of_record
